\BOOKMARK [0][-]{chapter.1}{Introduzione\040al\040progetto\040ed\040applicativi\040utilizzati}{}% 1
\BOOKMARK [1][-]{section.1.1}{Introduzione\040a\040JSON\040&\040JWT}{chapter.1}% 2
\BOOKMARK [2][-]{subsection.1.1.1}{Formato\040JSON}{section.1.1}% 3
\BOOKMARK [2][-]{subsection.1.1.2}{JWT:\040JSON\040Web\040Token}{section.1.1}% 4
\BOOKMARK [1][-]{section.1.2}{Introduzione\040Docker}{chapter.1}% 5
\BOOKMARK [0][-]{chapter.2}{Keycloak}{}% 6
\BOOKMARK [1][-]{section.2.1}{Introduzione\040a\040Keycloak}{chapter.2}% 7
\BOOKMARK [1][-]{section.2.2}{Docker\040e\040configurazione\040Keycloak}{chapter.2}% 8
\BOOKMARK [1][-]{section.2.3}{Creazione\040di\040un\040Realm}{chapter.2}% 9
\BOOKMARK [1][-]{section.2.4}{Creazione\040di\040un\040nuovo\040user}{chapter.2}% 10
\BOOKMARK [1][-]{section.2.5}{Creazione\040di\040un\040Client}{chapter.2}% 11
\BOOKMARK [1][-]{section.2.6}{Creazione\040di\040un\040ruolo\040associato\040ad\040un\040client\040in\040keycloak}{chapter.2}% 12
\BOOKMARK [1][-]{section.2.7}{Creazione\040utenti\040ed\040associazione\040ruoli}{chapter.2}% 13
\BOOKMARK [2][-]{subsection.2.7.1}{Come\040ottenere\040un\040token\040una\040volta\040definito\040un\040realm\040ed\040i\040relativi\040utenti}{section.2.7}% 14
\BOOKMARK [0][-]{chapter.3}{Progetto\040Back-End}{}% 15
\BOOKMARK [1][-]{section.3.1}{NodeJS}{chapter.3}% 16
\BOOKMARK [2][-]{subsection.3.1.1}{Introduzione\040a\040NodeJS}{section.3.1}% 17
\BOOKMARK [2][-]{subsection.3.1.2}{Applicazione\040pratica}{section.3.1}% 18
\BOOKMARK [1][-]{section.3.2}{Proteggere\040le\040APIs\040tramite\040Keycloak}{chapter.3}% 19
\BOOKMARK [1][-]{section.3.3}{Connessione\040al\040database\040NoSQL\040MongoDB}{chapter.3}% 20
\BOOKMARK [2][-]{subsection.3.3.1}{Introduzione\040MongoDB}{section.3.3}% 21
\BOOKMARK [2][-]{subsection.3.3.2}{Applicazione\040pratica}{section.3.3}% 22
\BOOKMARK [0][-]{chapter.4}{Progetto\040Front-End}{}% 23
\BOOKMARK [1][-]{section.4.1}{Flutter}{chapter.4}% 24
\BOOKMARK [2][-]{subsection.4.1.1}{Introduzione}{section.4.1}% 25
\BOOKMARK [2][-]{subsection.4.1.2}{Applicazione\040pratica}{section.4.1}% 26
\BOOKMARK [2][-]{subsection.4.1.3}{Come\040testare\040il\040prodotto\040finale}{section.4.1}% 27
